-------------------------------------------------------------------------------
Test set: TestSuite
-------------------------------------------------------------------------------
Tests run: 1, Failures: 1, Errors: 0, Skipped: 0, Time elapsed: 126.186 sec <<< FAILURE! - in TestSuite
run_cukes(Engine.TestngTestRunner)  Time elapsed: 122.801 sec  <<< FAILURE!
cucumber.runtime.CucumberException: java.lang.NullPointerException
	at Engine.TestngTestRunner.run_cukes(TestngTestRunner.java:33)
Caused by: java.lang.NullPointerException

